#
# There is insufficient memory for the Java Runtime Environment to continue.
# Native memory allocation (malloc) failed to allocate 65552 bytes. Error detail: Chunk::new
# Possible reasons:
#   The system is out of physical RAM or swap space
#   This process is running with CompressedOops enabled, and the Java Heap may be blocking the growth of the native heap
# Possible solutions:
#   Reduce memory load on the system
#   Increase physical memory or swap space
#   Check if swap backing store is full
#   Decrease Java heap size (-Xmx/-Xms)
#   Decrease number of Java threads
#   Decrease Java thread stack sizes (-Xss)
#   Set larger code cache with -XX:ReservedCodeCacheSize=
#   JVM is running with Unscaled Compressed Oops mode in which the Java heap is
#     placed in the first 4GB address space. The Java Heap base address is the
#     maximum limit for the native heap growth. Please use -XX:HeapBaseMinAddress
#     to set the Java Heap base and to place the Java Heap above 4GB virtual address.
# This output file may be truncated or incomplete.
#
#  Out of Memory Error (arena.cpp:168), pid=3828, tid=7408
#
# JRE version: OpenJDK Runtime Environment Temurin-21.0.6+7 (21.0.6+7) (build 21.0.6+7-LTS)
# Java VM: OpenJDK 64-Bit Server VM Temurin-21.0.6+7 (21.0.6+7-LTS, mixed mode, sharing, tiered, compressed oops, compressed class ptrs, parallel gc, windows-amd64)
# No core dump will be written. Minidumps are not enabled by default on client versions of Windows
#

---------------  S U M M A R Y ------------

Command Line: --add-modules=ALL-SYSTEM --add-opens=java.base/java.util=ALL-UNNAMED --add-opens=java.base/java.lang=ALL-UNNAMED --add-opens=java.base/sun.nio.fs=ALL-UNNAMED -Declipse.application=org.eclipse.jdt.ls.core.id1 -Dosgi.bundles.defaultStartLevel=4 -Declipse.product=org.eclipse.jdt.ls.core.product -Djava.import.generatesMetadataFilesAtProjectRoot=false -DDetectVMInstallationsJob.disabled=true -Dfile.encoding=utf8 -XX:+UseParallelGC -XX:GCTimeRatio=4 -XX:AdaptiveSizePolicyWeight=90 -Dsun.zip.disableMemoryMapping=true -Xmx1G -Xms100m -Xlog:disable -javaagent:c:\Users\vishnu bollineni\.vscode\extensions\redhat.java-1.41.1-win32-x64\lombok\lombok-1.18.36.jar -XX:+HeapDumpOnOutOfMemoryError -XX:HeapDumpPath=c:\Users\vishnu bollineni\AppData\Roaming\Code\User\workspaceStorage\cb906e1a5ae37e06afd0ffc7558dcd7e\redhat.java -Daether.dependencyCollector.impl=bf c:\Users\vishnu bollineni\.vscode\extensions\redhat.java-1.41.1-win32-x64\server\plugins\org.eclipse.equinox.launcher_1.7.0.v20250331-1702.jar -configuration c:\Users\vishnu bollineni\AppData\Roaming\Code\User\globalStorage\redhat.java\1.41.1\config_win -data c:\Users\vishnu bollineni\AppData\Roaming\Code\User\workspaceStorage\cb906e1a5ae37e06afd0ffc7558dcd7e\redhat.java\jdt_ws --pipe=\\.\pipe\lsp-2b4c45df81d2528787f4508d2bdeafb5-sock

Host: 11th Gen Intel(R) Core(TM) i5-1135G7 @ 2.40GHz, 8 cores, 7G,  Windows 11 , 64 bit Build 22621 (10.0.22621.4830)
Time: Thu Apr 10 15:22:12 2025 India Standard Time elapsed time: 25.161040 seconds (0d 0h 0m 25s)

---------------  T H R E A D  ---------------

Current thread (0x000002b8dfe98090):  JavaThread "C2 CompilerThread0" daemon [_thread_in_native, id=7408, stack(0x000000f729700000,0x000000f729800000) (1024K)]


Current CompileTask:
C2:25161 11660       4       org.eclipse.jdt.core.Signature::encodeTypeSignature (908 bytes)

Stack: [0x000000f729700000,0x000000f729800000]
Native frames: (J=compiled Java code, j=interpreted, Vv=VM code, C=native code)
V  [jvm.dll+0x6cdee9]
V  [jvm.dll+0x8a83d1]
V  [jvm.dll+0x8aa8fe]
V  [jvm.dll+0x8aafe3]
V  [jvm.dll+0x27f706]
V  [jvm.dll+0xc500d]
V  [jvm.dll+0xc5543]
V  [jvm.dll+0xd0f3d]
V  [jvm.dll+0x5f6c4f]
V  [jvm.dll+0x250bb2]
V  [jvm.dll+0x250f6f]
V  [jvm.dll+0x249834]
V  [jvm.dll+0x246ec4]
V  [jvm.dll+0x1c75ee]
V  [jvm.dll+0x25685a]
V  [jvm.dll+0x254dfa]
V  [jvm.dll+0x3f0256]
V  [jvm.dll+0x851f8b]
V  [jvm.dll+0x6cc5ed]
C  [ucrtbase.dll+0x29333]
C  [KERNEL32.DLL+0x1259d]
C  [ntdll.dll+0x5af38]


---------------  P R O C E S S  ---------------

Threads class SMR info:
_java_thread_list=0x000002b8e88e8710, length=60, elements={
0x000002b8cbad0060, 0x000002b8cbb8c3d0, 0x000002b8cbb8d270, 0x000002b8dfe87b70,
0x000002b8dfe8a850, 0x000002b8dfe8bee0, 0x000002b8dfe8d280, 0x000002b8dfe98090,
0x000002b8dfe98730, 0x000002b8e1920b40, 0x000002b8e1b8ebd0, 0x000002b8e6ab9300,
0x000002b8e6c27bc0, 0x000002b8e6733910, 0x000002b8e6734750, 0x000002b8e71a2920,
0x000002b8e72cb8d0, 0x000002b8e6a2f650, 0x000002b8e6a2e930, 0x000002b8e6a31720,
0x000002b8e6a2fce0, 0x000002b8e6a2efc0, 0x000002b8e6a30370, 0x000002b8e6a30a00,
0x000002b8e6a31090, 0x000002b8e6a2e2a0, 0x000002b8e9a0d0c0, 0x000002b8e9a0dde0,
0x000002b8e9a095b0, 0x000002b8e9a0eb00, 0x000002b8e9a0a960, 0x000002b8e9a0a2d0,
0x000002b8e9a0c3a0, 0x000002b8e9a0bd10, 0x000002b8e9a0ca30, 0x000002b8e9a0d750,
0x000002b8e9a0aff0, 0x000002b8e9a0e470, 0x000002b8e9a0f190, 0x000002b8e9a0f820,
0x000002b8e9a10540, 0x000002b8e9a10bd0, 0x000002b8e9a09c40, 0x000002b8e7cc1990,
0x000002b8e7cbe510, 0x000002b8e7cc54a0, 0x000002b8e7cc2d40, 0x000002b8e7cc2020,
0x000002b8e7cbf230, 0x000002b8e7cc40f0, 0x000002b8e7cc26b0, 0x000002b8e7cc5b30,
0x000002b8e7cc33d0, 0x000002b8e7cbeba0, 0x000002b8e7cc3a60, 0x000002b8f4add660,
0x000002b8f4adc2b0, 0x000002b8f4addcf0, 0x000002b8f4adcfd0, 0x000002b8f4adf0a0
}

Java Threads: ( => current thread )
  0x000002b8cbad0060 JavaThread "main"                              [_thread_blocked, id=20088, stack(0x000000f728d00000,0x000000f728e00000) (1024K)]
  0x000002b8cbb8c3d0 JavaThread "Reference Handler"          daemon [_thread_blocked, id=13744, stack(0x000000f729100000,0x000000f729200000) (1024K)]
  0x000002b8cbb8d270 JavaThread "Finalizer"                  daemon [_thread_blocked, id=18860, stack(0x000000f729200000,0x000000f729300000) (1024K)]
  0x000002b8dfe87b70 JavaThread "Signal Dispatcher"          daemon [_thread_blocked, id=22656, stack(0x000000f729300000,0x000000f729400000) (1024K)]
  0x000002b8dfe8a850 JavaThread "Attach Listener"            daemon [_thread_blocked, id=21596, stack(0x000000f729400000,0x000000f729500000) (1024K)]
  0x000002b8dfe8bee0 JavaThread "Service Thread"             daemon [_thread_blocked, id=18516, stack(0x000000f729500000,0x000000f729600000) (1024K)]
  0x000002b8dfe8d280 JavaThread "Monitor Deflation Thread"   daemon [_thread_blocked, id=18496, stack(0x000000f729600000,0x000000f729700000) (1024K)]
=>0x000002b8dfe98090 JavaThread "C2 CompilerThread0"         daemon [_thread_in_native, id=7408, stack(0x000000f729700000,0x000000f729800000) (1024K)]
  0x000002b8dfe98730 JavaThread "C1 CompilerThread0"         daemon [_thread_blocked, id=2880, stack(0x000000f729800000,0x000000f729900000) (1024K)]
  0x000002b8e1920b40 JavaThread "Common-Cleaner"             daemon [_thread_blocked, id=5340, stack(0x000000f729900000,0x000000f729a00000) (1024K)]
  0x000002b8e1b8ebd0 JavaThread "Notification Thread"        daemon [_thread_blocked, id=21384, stack(0x000000f729b00000,0x000000f729c00000) (1024K)]
  0x000002b8e6ab9300 JavaThread "Active Thread: Equinox Container: 41f5d1c4-6d01-4104-9952-f14c7f1eca18"        [_thread_blocked, id=2608, stack(0x000000f72a300000,0x000000f72a400000) (1024K)]
  0x000002b8e6c27bc0 JavaThread "Refresh Thread: Equinox Container: 41f5d1c4-6d01-4104-9952-f14c7f1eca18" daemon [_thread_blocked, id=3684, stack(0x000000f72a400000,0x000000f72a500000) (1024K)]
  0x000002b8e6733910 JavaThread "Framework Event Dispatcher: Equinox Container: 41f5d1c4-6d01-4104-9952-f14c7f1eca18" daemon [_thread_blocked, id=20472, stack(0x000000f72a600000,0x000000f72a700000) (1024K)]
  0x000002b8e6734750 JavaThread "Start Level: Equinox Container: 41f5d1c4-6d01-4104-9952-f14c7f1eca18" daemon [_thread_blocked, id=4172, stack(0x000000f72a700000,0x000000f72a800000) (1024K)]
  0x000002b8e71a2920 JavaThread "Bundle File Closer"         daemon [_thread_blocked, id=2752, stack(0x000000f72a800000,0x000000f72a900000) (1024K)]
  0x000002b8e72cb8d0 JavaThread "SCR Component Actor"        daemon [_thread_blocked, id=15160, stack(0x000000f72a900000,0x000000f72aa00000) (1024K)]
  0x000002b8e6a2f650 JavaThread "Worker-JM"                         [_thread_blocked, id=13308, stack(0x000000f72ab00000,0x000000f72ac00000) (1024K)]
  0x000002b8e6a2e930 JavaThread "JNA Cleaner"                daemon [_thread_blocked, id=13460, stack(0x000000f72ac00000,0x000000f72ad00000) (1024K)]
  0x000002b8e6a31720 JavaThread "Worker-0: Java indexing... "        [_thread_blocked, id=13076, stack(0x000000f72ad00000,0x000000f72ae00000) (1024K)]
  0x000002b8e6a2fce0 JavaThread "Worker-1"                          [_thread_blocked, id=3296, stack(0x000000f72ae00000,0x000000f72af00000) (1024K)]
  0x000002b8e6a2efc0 JavaThread "Worker-2"                          [_thread_blocked, id=15620, stack(0x000000f72af00000,0x000000f72b000000) (1024K)]
  0x000002b8e6a30370 JavaThread "Java indexing"              daemon [_thread_blocked, id=20520, stack(0x000000f72b000000,0x000000f72b100000) (1024K)]
  0x000002b8e6a30a00 JavaThread "Worker-3"                          [_thread_blocked, id=15496, stack(0x000000f72b100000,0x000000f72b200000) (1024K)]
  0x000002b8e6a31090 JavaThread "Worker-4"                          [_thread_blocked, id=8712, stack(0x000000f72b200000,0x000000f72b300000) (1024K)]
  0x000002b8e6a2e2a0 JavaThread "Worker-5"                          [_thread_blocked, id=19356, stack(0x000000f72b300000,0x000000f72b400000) (1024K)]
  0x000002b8e9a0d0c0 JavaThread "Worker-6"                          [_thread_blocked, id=22612, stack(0x000000f72b400000,0x000000f72b500000) (1024K)]
  0x000002b8e9a0dde0 JavaThread "Thread-2"                   daemon [_thread_in_native, id=7360, stack(0x000000f72b500000,0x000000f72b600000) (1024K)]
  0x000002b8e9a095b0 JavaThread "Thread-3"                   daemon [_thread_in_native, id=10092, stack(0x000000f72b600000,0x000000f72b700000) (1024K)]
  0x000002b8e9a0eb00 JavaThread "Thread-4"                   daemon [_thread_in_native, id=20976, stack(0x000000f72b700000,0x000000f72b800000) (1024K)]
  0x000002b8e9a0a960 JavaThread "Thread-5"                   daemon [_thread_in_native, id=22008, stack(0x000000f72b800000,0x000000f72b900000) (1024K)]
  0x000002b8e9a0a2d0 JavaThread "Thread-6"                   daemon [_thread_in_native, id=19208, stack(0x000000f72b900000,0x000000f72ba00000) (1024K)]
  0x000002b8e9a0c3a0 JavaThread "Thread-7"                   daemon [_thread_in_native, id=14488, stack(0x000000f72ba00000,0x000000f72bb00000) (1024K)]
  0x000002b8e9a0bd10 JavaThread "Thread-8"                   daemon [_thread_in_native, id=1000, stack(0x000000f72bb00000,0x000000f72bc00000) (1024K)]
  0x000002b8e9a0ca30 JavaThread "Thread-9"                   daemon [_thread_in_native, id=16964, stack(0x000000f72bc00000,0x000000f72bd00000) (1024K)]
  0x000002b8e9a0d750 JavaThread "Thread-10"                  daemon [_thread_in_native, id=7224, stack(0x000000f72bd00000,0x000000f72be00000) (1024K)]
  0x000002b8e9a0aff0 JavaThread "pool-2-thread-1"                   [_thread_blocked, id=22156, stack(0x000000f72be00000,0x000000f72bf00000) (1024K)]
  0x000002b8e9a0e470 JavaThread "WorkspaceEventsHandler"            [_thread_blocked, id=24188, stack(0x000000f72bf00000,0x000000f72c000000) (1024K)]
  0x000002b8e9a0f190 JavaThread "pool-1-thread-1"                   [_thread_blocked, id=23976, stack(0x000000f72c000000,0x000000f72c100000) (1024K)]
  0x000002b8e9a0f820 JavaThread "Worker-7"                          [_thread_blocked, id=5084, stack(0x000000f72c100000,0x000000f72c200000) (1024K)]
  0x000002b8e9a10540 JavaThread "LocalFile Deleter"          daemon [_thread_blocked, id=17532, stack(0x000000f72c200000,0x000000f72c300000) (1024K)]
  0x000002b8e9a10bd0 JavaThread "LocalFile Deleter"          daemon [_thread_blocked, id=1580, stack(0x000000f72c300000,0x000000f72c400000) (1024K)]
  0x000002b8e9a09c40 JavaThread "LocalFile Deleter"          daemon [_thread_blocked, id=14992, stack(0x000000f72c400000,0x000000f72c500000) (1024K)]
  0x000002b8e7cc1990 JavaThread "LocalFile Deleter"          daemon [_thread_blocked, id=22316, stack(0x000000f72c500000,0x000000f72c600000) (1024K)]
  0x000002b8e7cbe510 JavaThread "Compiler Source File Reader" daemon [_thread_blocked, id=6880, stack(0x000000f72c600000,0x000000f72c700000) (1024K)]
  0x000002b8e7cc54a0 JavaThread "Compiler Processing Task"   daemon [_thread_blocked, id=5604, stack(0x000000f72c700000,0x000000f72c800000) (1024K)]
  0x000002b8e7cc2d40 JavaThread "Compiler Class File Writer" daemon [_thread_blocked, id=17572, stack(0x000000f72c800000,0x000000f72c900000) (1024K)]
  0x000002b8e7cc2020 JavaThread "Compiler Source File Reader" daemon [_thread_blocked, id=14544, stack(0x000000f72c900000,0x000000f72ca00000) (1024K)]
  0x000002b8e7cbf230 JavaThread "Compiler Class File Writer" daemon [_thread_blocked, id=12880, stack(0x000000f72ca00000,0x000000f72cb00000) (1024K)]
  0x000002b8e7cc40f0 JavaThread "ForkJoinPool.commonPool-worker-1" daemon [_thread_blocked, id=15744, stack(0x000000f72aa00000,0x000000f72ab00000) (1024K)]
  0x000002b8e7cc26b0 JavaThread "ForkJoinPool.commonPool-worker-2" daemon [_thread_blocked, id=22496, stack(0x000000f72cb00000,0x000000f72cc00000) (1024K)]
  0x000002b8e7cc5b30 JavaThread "ForkJoinPool.commonPool-worker-3" daemon [_thread_blocked, id=18932, stack(0x000000f72cd00000,0x000000f72ce00000) (1024K)]
  0x000002b8e7cc33d0 JavaThread "ForkJoinPool.commonPool-worker-4" daemon [_thread_blocked, id=14220, stack(0x000000f72ce00000,0x000000f72cf00000) (1024K)]
  0x000002b8e7cbeba0 JavaThread "ForkJoinPool.commonPool-worker-5" daemon [_thread_blocked, id=9948, stack(0x000000f72cf00000,0x000000f72d000000) (1024K)]
  0x000002b8e7cc3a60 JavaThread "Compiler Source File Reader" daemon [_thread_blocked, id=20324, stack(0x000000f72d000000,0x000000f72d100000) (1024K)]
  0x000002b8f4add660 JavaThread "Compiler Class File Writer" daemon [_thread_blocked, id=14892, stack(0x000000f72d100000,0x000000f72d200000) (1024K)]
  0x000002b8f4adc2b0 JavaThread "Compiler Source File Reader" daemon [_thread_blocked, id=18684, stack(0x000000f72d200000,0x000000f72d300000) (1024K)]
  0x000002b8f4addcf0 JavaThread "Compiler Class File Writer" daemon [_thread_blocked, id=5852, stack(0x000000f72d300000,0x000000f72d400000) (1024K)]
  0x000002b8f4adcfd0 JavaThread "ForkJoinPool.commonPool-worker-6" daemon [_thread_blocked, id=19796, stack(0x000000f729a00000,0x000000f729b00000) (1024K)]
  0x000002b8f4adf0a0 JavaThread "ForkJoinPool.commonPool-worker-7" daemon [_thread_blocked, id=5708, stack(0x000000f729c00000,0x000000f729d00000) (1024K)]
Total: 60

Other Threads:
  0x000002b8cbb70350 VMThread "VM Thread"                           [id=14620, stack(0x000000f729000000,0x000000f729100000) (1024K)]
  0x000002b8cbb39fd0 WatcherThread "VM Periodic Task Thread"        [id=18912, stack(0x000000f728f00000,0x000000f729000000) (1024K)]
  0x000002b8cbaef080 WorkerThread "GC Thread#0"                     [id=21312, stack(0x000000f728e00000,0x000000f728f00000) (1024K)]
  0x000002b8e64dc630 WorkerThread "GC Thread#1"                     [id=22336, stack(0x000000f729d00000,0x000000f729e00000) (1024K)]
  0x000002b8e64dd1e0 WorkerThread "GC Thread#2"                     [id=2532, stack(0x000000f729e00000,0x000000f729f00000) (1024K)]
  0x000002b8e64dd580 WorkerThread "GC Thread#3"                     [id=23172, stack(0x000000f729f00000,0x000000f72a000000) (1024K)]
  0x000002b8e682f140 WorkerThread "GC Thread#4"                     [id=17684, stack(0x000000f72a000000,0x000000f72a100000) (1024K)]
  0x000002b8e682f6f0 WorkerThread "GC Thread#5"                     [id=10564, stack(0x000000f72a100000,0x000000f72a200000) (1024K)]
  0x000002b8e68302a0 WorkerThread "GC Thread#6"                     [id=24492, stack(0x000000f72a200000,0x000000f72a300000) (1024K)]
  0x000002b8e6728840 WorkerThread "GC Thread#7"                     [id=23156, stack(0x000000f72a500000,0x000000f72a600000) (1024K)]
Total: 10

Threads with active compile tasks:
C2 CompilerThread0  25211 11660       4       org.eclipse.jdt.core.Signature::encodeTypeSignature (908 bytes)
Total: 1

VM state: at safepoint (normal execution)

VM Mutex/Monitor currently owned by a thread:  ([mutex/lock_event])
[0x00007ffef30be380] Threads_lock - owner thread: 0x000002b8cbb70350
[0x00007ffef30be480] Heap_lock - owner thread: 0x000002b8e6a30370

Heap address: 0x00000000c0000000, size: 1024 MB, Compressed Oops mode: 32-bit

CDS archive(s) mapped at: [0x000002b880000000-0x000002b880ba0000-0x000002b880ba0000), size 12189696, SharedBaseAddress: 0x000002b880000000, ArchiveRelocationMode: 1.
Compressed class space mapped at: 0x000002b881000000-0x000002b8c1000000, reserved size: 1073741824
Narrow klass base: 0x000002b880000000, Narrow klass shift: 0, Narrow klass range: 0x100000000

GC Precious Log:
 CardTable entry size: 512
 CPUs: 8 total, 8 available
 Memory: 7991M
 Large Page Support: Disabled
 NUMA Support: Disabled
 Compressed Oops: Enabled (32-bit)
 Alignments: Space 512K, Generation 512K, Heap 2M
 Heap Min Capacity: 100M
 Heap Initial Capacity: 100M
 Heap Max Capacity: 1G
 Pre-touch: Disabled
 Parallel Workers: 8

Heap:
 PSYoungGen      total 4096K, used 4096K [0x00000000eab00000, 0x00000000eb080000, 0x0000000100000000)
  eden space 3584K, 100% used [0x00000000eab00000,0x00000000eae80000,0x00000000eae80000)
  from space 512K, 100% used [0x00000000eaf00000,0x00000000eaf80000,0x00000000eaf80000)
  to   space 1024K, 53% used [0x00000000eaf80000,0x00000000eb008000,0x00000000eb080000)
 ParOldGen       total 612864K, used 612654K [0x00000000c0000000, 0x00000000e5680000, 0x00000000eab00000)
  object space 612864K, 99% used [0x00000000c0000000,0x00000000e564ba40,0x00000000e5680000)
 Metaspace       used 65290K, committed 66816K, reserved 1114112K
  class space    used 6775K, committed 7424K, reserved 1048576K

Card table byte_map: [0x000002b8cb4a0000,0x000002b8cb6b0000] _byte_map_base: 0x000002b8caea0000

Marking Bits: (ParMarkBitMap*) 0x00007ffef30c3260
 Begin Bits: [0x000002b8ddcc0000, 0x000002b8decc0000)
 End Bits:   [0x000002b8decc0000, 0x000002b8dfcc0000)

Polling page: 0x000002b8cb290000

Metaspace:

Usage:
  Non-class:     57.14 MB used.
      Class:      6.62 MB used.
       Both:     63.76 MB used.

Virtual space:
  Non-class space:       64.00 MB reserved,      58.00 MB ( 91%) committed,  1 nodes.
      Class space:        1.00 GB reserved,       7.25 MB ( <1%) committed,  1 nodes.
             Both:        1.06 GB reserved,      65.25 MB (  6%) committed. 

Chunk freelists:
   Non-Class:  6.01 MB
       Class:  8.78 MB
        Both:  14.79 MB

MaxMetaspaceSize: unlimited
CompressedClassSpaceSize: 1.00 GB
Initial GC threshold: 21.00 MB
Current GC threshold: 108.44 MB
CDS: on
 - commit_granule_bytes: 65536.
 - commit_granule_words: 8192.
 - virtual_space_node_default_size: 8388608.
 - enlarge_chunks_in_place: 1.
 - use_allocation_guard: 0.


Internal statistics:

num_allocs_failed_limit: 9.
num_arena_births: 1212.
num_arena_deaths: 18.
num_vsnodes_births: 2.
num_vsnodes_deaths: 0.
num_space_committed: 1044.
num_space_uncommitted: 0.
num_chunks_returned_to_freelist: 27.
num_chunks_taken_from_freelist: 4353.
num_chunk_merges: 12.
num_chunk_splits: 2652.
num_chunks_enlarged: 1463.
num_inconsistent_stats: 0.

CodeHeap 'non-profiled nmethods': size=120000Kb used=8051Kb max_used=8396Kb free=111948Kb
 bounds [0x000002b8d6790000, 0x000002b8d6fd0000, 0x000002b8ddcc0000]
CodeHeap 'profiled nmethods': size=120000Kb used=19634Kb max_used=23143Kb free=100365Kb
 bounds [0x000002b8cecc0000, 0x000002b8d0360000, 0x000002b8d61f0000]
CodeHeap 'non-nmethods': size=5760Kb used=1455Kb max_used=1540Kb free=4305Kb
 bounds [0x000002b8d61f0000, 0x000002b8d6460000, 0x000002b8d6790000]
 total_blobs=10379 nmethods=9618 adapters=667
 compilation: enabled
              stopped_count=0, restarted_count=0
 full_count=0

Compilation events (20 events):
Event: 24.959 Thread 0x000002b8dfe98730 11654       3       org.eclipse.jdt.internal.core.index.MemoryIndex::<init> (37 bytes)
Event: 24.959 Thread 0x000002b8dfe98730 nmethod 11654 0x000002b8ced13690 code [0x000002b8ced13860, 0x000002b8ced13b68]
Event: 24.983 Thread 0x000002b8dfe98090 nmethod 11638 0x000002b8d6ac7210 code [0x000002b8d6ac7ce0, 0x000002b8d6ad1ed0]
Event: 24.984 Thread 0x000002b8dfe98090 11649       4       org.eclipse.jdt.internal.compiler.classfmt.ClassFileReader::<init> (31 bytes)
Event: 24.985 Thread 0x000002b8dfe98090 nmethod 11649 0x000002b8d6c9d790 code [0x000002b8d6c9d920, 0x000002b8d6c9da20]
Event: 24.985 Thread 0x000002b8dfe98090 11642       4       java.util.LinkedList$ListItr::<init> (47 bytes)
Event: 24.987 Thread 0x000002b8dfe98090 nmethod 11642 0x000002b8d6c9d310 code [0x000002b8d6c9d4a0, 0x000002b8d6c9d5e8]
Event: 24.987 Thread 0x000002b8dfe98090 11641       4       java.util.LinkedList::listIterator (15 bytes)
Event: 24.989 Thread 0x000002b8dfe98090 nmethod 11641 0x000002b8d69d9010 code [0x000002b8d69d91a0, 0x000002b8d69d9398]
Event: 24.992 Thread 0x000002b8dfe98730 11655       3       java.io.BufferedWriter::growIfNeeded (63 bytes)
Event: 24.992 Thread 0x000002b8dfe98730 nmethod 11655 0x000002b8cf0b1390 code [0x000002b8cf0b1540, 0x000002b8cf0b17e0]
Event: 24.997 Thread 0x000002b8dfe98730 11656       3       org.eclipse.core.runtime.SubMonitor::setWorkRemaining (140 bytes)
Event: 24.997 Thread 0x000002b8dfe98730 nmethod 11656 0x000002b8ceea2990 code [0x000002b8ceea2b80, 0x000002b8ceea2f28]
Event: 24.998 Thread 0x000002b8dfe98730 11657   !   3       org.eclipse.core.internal.jobs.JobListeners::waitAndSendEvents (445 bytes)
Event: 25.000 Thread 0x000002b8dfe98730 nmethod 11657 0x000002b8cfb06090 code [0x000002b8cfb066c0, 0x000002b8cfb094a8]
Event: 25.001 Thread 0x000002b8dfe98090 11658       4       java.util.LinkedList$ListItr::hasPrevious (13 bytes)
Event: 25.001 Thread 0x000002b8dfe98730 11659       3       org.eclipse.core.internal.jobs.JobManager::scheduleInternal (149 bytes)
Event: 25.001 Thread 0x000002b8dfe98090 nmethod 11658 0x000002b8d69d8c90 code [0x000002b8d69d8e20, 0x000002b8d69d8ec8]
Event: 25.002 Thread 0x000002b8dfe98730 nmethod 11659 0x000002b8cedd1790 code [0x000002b8cedd1a80, 0x000002b8cedd27c0]
Event: 25.141 Thread 0x000002b8dfe98090 11660       4       org.eclipse.jdt.core.Signature::encodeTypeSignature (908 bytes)

GC Heap History (20 events):
Event: 25.065 GC heap before
{Heap before GC invocations=1578 (full 4):
 PSYoungGen      total 4608K, used 4096K [0x00000000eab00000, 0x00000000eb080000, 0x0000000100000000)
  eden space 3584K, 100% used [0x00000000eab00000,0x00000000eae80000,0x00000000eae80000)
  from space 1024K, 50% used [0x00000000eaf80000,0x00000000eb000000,0x00000000eb080000)
  to   space 1024K, 0% used [0x00000000eae80000,0x00000000eae80000,0x00000000eaf80000)
 ParOldGen       total 608256K, used 607868K [0x00000000c0000000, 0x00000000e5200000, 0x00000000eab00000)
  object space 608256K, 99% used [0x00000000c0000000,0x00000000e519f220,0x00000000e5200000)
 Metaspace       used 65290K, committed 66816K, reserved 1114112K
  class space    used 6775K, committed 7424K, reserved 1048576K
}
Event: 25.067 GC heap after
{Heap after GC invocations=1578 (full 4):
 PSYoungGen      total 4608K, used 416K [0x00000000eab00000, 0x00000000eb000000, 0x0000000100000000)
  eden space 3584K, 0% used [0x00000000eab00000,0x00000000eab00000,0x00000000eae80000)
  from space 1024K, 40% used [0x00000000eae80000,0x00000000eaee8000,0x00000000eaf80000)
  to   space 512K, 0% used [0x00000000eaf80000,0x00000000eaf80000,0x00000000eb000000)
 ParOldGen       total 608768K, used 608276K [0x00000000c0000000, 0x00000000e5280000, 0x00000000eab00000)
  object space 608768K, 99% used [0x00000000c0000000,0x00000000e5205220,0x00000000e5280000)
 Metaspace       used 65290K, committed 66816K, reserved 1114112K
  class space    used 6775K, committed 7424K, reserved 1048576K
}
Event: 25.075 GC heap before
{Heap before GC invocations=1579 (full 4):
 PSYoungGen      total 4608K, used 4000K [0x00000000eab00000, 0x00000000eb000000, 0x0000000100000000)
  eden space 3584K, 100% used [0x00000000eab00000,0x00000000eae80000,0x00000000eae80000)
  from space 1024K, 40% used [0x00000000eae80000,0x00000000eaee8000,0x00000000eaf80000)
  to   space 512K, 0% used [0x00000000eaf80000,0x00000000eaf80000,0x00000000eb000000)
 ParOldGen       total 608768K, used 608276K [0x00000000c0000000, 0x00000000e5280000, 0x00000000eab00000)
  object space 608768K, 99% used [0x00000000c0000000,0x00000000e5205220,0x00000000e5280000)
 Metaspace       used 65290K, committed 66816K, reserved 1114112K
  class space    used 6775K, committed 7424K, reserved 1048576K
}
Event: 25.076 GC heap after
{Heap after GC invocations=1579 (full 4):
 PSYoungGen      total 4096K, used 448K [0x00000000eab00000, 0x00000000eb000000, 0x0000000100000000)
  eden space 3584K, 0% used [0x00000000eab00000,0x00000000eab00000,0x00000000eae80000)
  from space 512K, 87% used [0x00000000eaf80000,0x00000000eaff0000,0x00000000eb000000)
  to   space 512K, 0% used [0x00000000eaf00000,0x00000000eaf00000,0x00000000eaf80000)
 ParOldGen       total 608768K, used 608652K [0x00000000c0000000, 0x00000000e5280000, 0x00000000eab00000)
  object space 608768K, 99% used [0x00000000c0000000,0x00000000e5263220,0x00000000e5280000)
 Metaspace       used 65290K, committed 66816K, reserved 1114112K
  class space    used 6775K, committed 7424K, reserved 1048576K
}
Event: 25.084 GC heap before
{Heap before GC invocations=1580 (full 4):
 PSYoungGen      total 4096K, used 4032K [0x00000000eab00000, 0x00000000eb000000, 0x0000000100000000)
  eden space 3584K, 100% used [0x00000000eab00000,0x00000000eae80000,0x00000000eae80000)
  from space 512K, 87% used [0x00000000eaf80000,0x00000000eaff0000,0x00000000eb000000)
  to   space 512K, 0% used [0x00000000eaf00000,0x00000000eaf00000,0x00000000eaf80000)
 ParOldGen       total 608768K, used 608652K [0x00000000c0000000, 0x00000000e5280000, 0x00000000eab00000)
  object space 608768K, 99% used [0x00000000c0000000,0x00000000e5263220,0x00000000e5280000)
 Metaspace       used 65290K, committed 66816K, reserved 1114112K
  class space    used 6775K, committed 7424K, reserved 1048576K
}
Event: 25.085 GC heap after
{Heap after GC invocations=1580 (full 4):
 PSYoungGen      total 4096K, used 448K [0x00000000eab00000, 0x00000000eb000000, 0x0000000100000000)
  eden space 3584K, 0% used [0x00000000eab00000,0x00000000eab00000,0x00000000eae80000)
  from space 512K, 87% used [0x00000000eaf00000,0x00000000eaf70000,0x00000000eaf80000)
  to   space 512K, 0% used [0x00000000eaf80000,0x00000000eaf80000,0x00000000eb000000)
 ParOldGen       total 609280K, used 609060K [0x00000000c0000000, 0x00000000e5300000, 0x00000000eab00000)
  object space 609280K, 99% used [0x00000000c0000000,0x00000000e52c9220,0x00000000e5300000)
 Metaspace       used 65290K, committed 66816K, reserved 1114112K
  class space    used 6775K, committed 7424K, reserved 1048576K
}
Event: 25.092 GC heap before
{Heap before GC invocations=1581 (full 4):
 PSYoungGen      total 4096K, used 4032K [0x00000000eab00000, 0x00000000eb000000, 0x0000000100000000)
  eden space 3584K, 100% used [0x00000000eab00000,0x00000000eae80000,0x00000000eae80000)
  from space 512K, 87% used [0x00000000eaf00000,0x00000000eaf70000,0x00000000eaf80000)
  to   space 512K, 0% used [0x00000000eaf80000,0x00000000eaf80000,0x00000000eb000000)
 ParOldGen       total 609280K, used 609060K [0x00000000c0000000, 0x00000000e5300000, 0x00000000eab00000)
  object space 609280K, 99% used [0x00000000c0000000,0x00000000e52c9220,0x00000000e5300000)
 Metaspace       used 65290K, committed 66816K, reserved 1114112K
  class space    used 6775K, committed 7424K, reserved 1048576K
}
Event: 25.094 GC heap after
{Heap after GC invocations=1581 (full 4):
 PSYoungGen      total 4096K, used 512K [0x00000000eab00000, 0x00000000eb080000, 0x0000000100000000)
  eden space 3584K, 0% used [0x00000000eab00000,0x00000000eab00000,0x00000000eae80000)
  from space 512K, 100% used [0x00000000eaf80000,0x00000000eb000000,0x00000000eb000000)
  to   space 1024K, 0% used [0x00000000eae80000,0x00000000eae80000,0x00000000eaf80000)
 ParOldGen       total 609792K, used 609433K [0x00000000c0000000, 0x00000000e5380000, 0x00000000eab00000)
  object space 609792K, 99% used [0x00000000c0000000,0x00000000e5326428,0x00000000e5380000)
 Metaspace       used 65290K, committed 66816K, reserved 1114112K
  class space    used 6775K, committed 7424K, reserved 1048576K
}
Event: 25.102 GC heap before
{Heap before GC invocations=1582 (full 4):
 PSYoungGen      total 4096K, used 4096K [0x00000000eab00000, 0x00000000eb080000, 0x0000000100000000)
  eden space 3584K, 100% used [0x00000000eab00000,0x00000000eae80000,0x00000000eae80000)
  from space 512K, 100% used [0x00000000eaf80000,0x00000000eb000000,0x00000000eb000000)
  to   space 1024K, 0% used [0x00000000eae80000,0x00000000eae80000,0x00000000eaf80000)
 ParOldGen       total 609792K, used 609433K [0x00000000c0000000, 0x00000000e5380000, 0x00000000eab00000)
  object space 609792K, 99% used [0x00000000c0000000,0x00000000e5326428,0x00000000e5380000)
 Metaspace       used 65290K, committed 66816K, reserved 1114112K
  class space    used 6775K, committed 7424K, reserved 1048576K
}
Event: 25.104 GC heap after
{Heap after GC invocations=1582 (full 4):
 PSYoungGen      total 4608K, used 664K [0x00000000eab00000, 0x00000000eb080000, 0x0000000100000000)
  eden space 3584K, 0% used [0x00000000eab00000,0x00000000eab00000,0x00000000eae80000)
  from space 1024K, 64% used [0x00000000eae80000,0x00000000eaf26008,0x00000000eaf80000)
  to   space 1024K, 0% used [0x00000000eaf80000,0x00000000eaf80000,0x00000000eb080000)
 ParOldGen       total 610304K, used 609830K [0x00000000c0000000, 0x00000000e5400000, 0x00000000eab00000)
  object space 610304K, 99% used [0x00000000c0000000,0x00000000e5389a38,0x00000000e5400000)
 Metaspace       used 65290K, committed 66816K, reserved 1114112K
  class space    used 6775K, committed 7424K, reserved 1048576K
}
Event: 25.113 GC heap before
{Heap before GC invocations=1583 (full 4):
 PSYoungGen      total 4608K, used 4247K [0x00000000eab00000, 0x00000000eb080000, 0x0000000100000000)
  eden space 3584K, 99% used [0x00000000eab00000,0x00000000eae7ff28,0x00000000eae80000)
  from space 1024K, 64% used [0x00000000eae80000,0x00000000eaf26008,0x00000000eaf80000)
  to   space 1024K, 0% used [0x00000000eaf80000,0x00000000eaf80000,0x00000000eb080000)
 ParOldGen       total 610304K, used 609830K [0x00000000c0000000, 0x00000000e5400000, 0x00000000eab00000)
  object space 610304K, 99% used [0x00000000c0000000,0x00000000e5389a38,0x00000000e5400000)
 Metaspace       used 65290K, committed 66816K, reserved 1114112K
  class space    used 6775K, committed 7424K, reserved 1048576K
}
Event: 25.115 GC heap after
{Heap after GC invocations=1583 (full 4):
 PSYoungGen      total 4096K, used 416K [0x00000000eab00000, 0x00000000eb000000, 0x0000000100000000)
  eden space 3584K, 0% used [0x00000000eab00000,0x00000000eab00000,0x00000000eae80000)
  from space 512K, 81% used [0x00000000eaf80000,0x00000000eafe8000,0x00000000eb000000)
  to   space 512K, 0% used [0x00000000eaf00000,0x00000000eaf00000,0x00000000eaf80000)
 ParOldGen       total 610816K, used 610398K [0x00000000c0000000, 0x00000000e5480000, 0x00000000eab00000)
  object space 610816K, 99% used [0x00000000c0000000,0x00000000e5417a40,0x00000000e5480000)
 Metaspace       used 65290K, committed 66816K, reserved 1114112K
  class space    used 6775K, committed 7424K, reserved 1048576K
}
Event: 25.123 GC heap before
{Heap before GC invocations=1584 (full 4):
 PSYoungGen      total 4096K, used 4000K [0x00000000eab00000, 0x00000000eb000000, 0x0000000100000000)
  eden space 3584K, 100% used [0x00000000eab00000,0x00000000eae80000,0x00000000eae80000)
  from space 512K, 81% used [0x00000000eaf80000,0x00000000eafe8000,0x00000000eb000000)
  to   space 512K, 0% used [0x00000000eaf00000,0x00000000eaf00000,0x00000000eaf80000)
 ParOldGen       total 610816K, used 610398K [0x00000000c0000000, 0x00000000e5480000, 0x00000000eab00000)
  object space 610816K, 99% used [0x00000000c0000000,0x00000000e5417a40,0x00000000e5480000)
 Metaspace       used 65290K, committed 66816K, reserved 1114112K
  class space    used 6775K, committed 7424K, reserved 1048576K
}
Event: 25.125 GC heap after
{Heap after GC invocations=1584 (full 4):
 PSYoungGen      total 4096K, used 480K [0x00000000eab00000, 0x00000000eb000000, 0x0000000100000000)
  eden space 3584K, 0% used [0x00000000eab00000,0x00000000eab00000,0x00000000eae80000)
  from space 512K, 93% used [0x00000000eaf00000,0x00000000eaf78000,0x00000000eaf80000)
  to   space 512K, 0% used [0x00000000eaf80000,0x00000000eaf80000,0x00000000eb000000)
 ParOldGen       total 610816K, used 610758K [0x00000000c0000000, 0x00000000e5480000, 0x00000000eab00000)
  object space 610816K, 99% used [0x00000000c0000000,0x00000000e5471a40,0x00000000e5480000)
 Metaspace       used 65290K, committed 66816K, reserved 1114112K
  class space    used 6775K, committed 7424K, reserved 1048576K
}
Event: 25.134 GC heap before
{Heap before GC invocations=1585 (full 4):
 PSYoungGen      total 4096K, used 4064K [0x00000000eab00000, 0x00000000eb000000, 0x0000000100000000)
  eden space 3584K, 100% used [0x00000000eab00000,0x00000000eae80000,0x00000000eae80000)
  from space 512K, 93% used [0x00000000eaf00000,0x00000000eaf78000,0x00000000eaf80000)
  to   space 512K, 0% used [0x00000000eaf80000,0x00000000eaf80000,0x00000000eb000000)
 ParOldGen       total 610816K, used 610758K [0x00000000c0000000, 0x00000000e5480000, 0x00000000eab00000)
  object space 610816K, 99% used [0x00000000c0000000,0x00000000e5471a40,0x00000000e5480000)
 Metaspace       used 65290K, committed 66816K, reserved 1114112K
  class space    used 6775K, committed 7424K, reserved 1048576K
}
Event: 25.135 GC heap after
{Heap after GC invocations=1585 (full 4):
 PSYoungGen      total 4096K, used 512K [0x00000000eab00000, 0x00000000eb080000, 0x0000000100000000)
  eden space 3584K, 0% used [0x00000000eab00000,0x00000000eab00000,0x00000000eae80000)
  from space 512K, 100% used [0x00000000eaf80000,0x00000000eb000000,0x00000000eb000000)
  to   space 1024K, 0% used [0x00000000eae80000,0x00000000eae80000,0x00000000eaf80000)
 ParOldGen       total 611328K, used 611166K [0x00000000c0000000, 0x00000000e5500000, 0x00000000eab00000)
  object space 611328K, 99% used [0x00000000c0000000,0x00000000e54d7a40,0x00000000e5500000)
 Metaspace       used 65290K, committed 66816K, reserved 1114112K
  class space    used 6775K, committed 7424K, reserved 1048576K
}
Event: 25.145 GC heap before
{Heap before GC invocations=1586 (full 4):
 PSYoungGen      total 4096K, used 4096K [0x00000000eab00000, 0x00000000eb080000, 0x0000000100000000)
  eden space 3584K, 100% used [0x00000000eab00000,0x00000000eae80000,0x00000000eae80000)
  from space 512K, 100% used [0x00000000eaf80000,0x00000000eb000000,0x00000000eb000000)
  to   space 1024K, 0% used [0x00000000eae80000,0x00000000eae80000,0x00000000eaf80000)
 ParOldGen       total 611328K, used 611166K [0x00000000c0000000, 0x00000000e5500000, 0x00000000eab00000)
  object space 611328K, 99% used [0x00000000c0000000,0x00000000e54d7a40,0x00000000e5500000)
 Metaspace       used 65290K, committed 66816K, reserved 1114112K
  class space    used 6775K, committed 7424K, reserved 1048576K
}
Event: 25.147 GC heap after
{Heap after GC invocations=1586 (full 4):
 PSYoungGen      total 4608K, used 475K [0x00000000eab00000, 0x00000000eb000000, 0x0000000100000000)
  eden space 3584K, 0% used [0x00000000eab00000,0x00000000eab00000,0x00000000eae80000)
  from space 1024K, 46% used [0x00000000eae80000,0x00000000eaef6d78,0x00000000eaf80000)
  to   space 512K, 0% used [0x00000000eaf80000,0x00000000eaf80000,0x00000000eb000000)
 ParOldGen       total 611840K, used 611574K [0x00000000c0000000, 0x00000000e5580000, 0x00000000eab00000)
  object space 611840K, 99% used [0x00000000c0000000,0x00000000e553da40,0x00000000e5580000)
 Metaspace       used 65290K, committed 66816K, reserved 1114112K
  class space    used 6775K, committed 7424K, reserved 1048576K
}
Event: 25.154 GC heap before
{Heap before GC invocations=1587 (full 4):
 PSYoungGen      total 4608K, used 4059K [0x00000000eab00000, 0x00000000eb000000, 0x0000000100000000)
  eden space 3584K, 100% used [0x00000000eab00000,0x00000000eae80000,0x00000000eae80000)
  from space 1024K, 46% used [0x00000000eae80000,0x00000000eaef6d78,0x00000000eaf80000)
  to   space 512K, 0% used [0x00000000eaf80000,0x00000000eaf80000,0x00000000eb000000)
 ParOldGen       total 611840K, used 611574K [0x00000000c0000000, 0x00000000e5580000, 0x00000000eab00000)
  object space 611840K, 99% used [0x00000000c0000000,0x00000000e553da40,0x00000000e5580000)
 Metaspace       used 65290K, committed 66816K, reserved 1114112K
  class space    used 6775K, committed 7424K, reserved 1048576K
}
Event: 25.156 GC heap after
{Heap after GC invocations=1587 (full 4):
 PSYoungGen      total 4096K, used 448K [0x00000000eab00000, 0x00000000eb000000, 0x0000000100000000)
  eden space 3584K, 0% used [0x00000000eab00000,0x00000000eab00000,0x00000000eae80000)
  from space 512K, 87% used [0x00000000eaf80000,0x00000000eaff0000,0x00000000eb000000)
  to   space 512K, 0% used [0x00000000eaf00000,0x00000000eaf00000,0x00000000eaf80000)
 ParOldGen       total 612352K, used 611950K [0x00000000c0000000, 0x00000000e5600000, 0x00000000eab00000)
  object space 612352K, 99% used [0x00000000c0000000,0x00000000e559ba40,0x00000000e5600000)
 Metaspace       used 65290K, committed 66816K, reserved 1114112K
  class space    used 6775K, committed 7424K, reserved 1048576K
}

Dll operation events (10 events):
Event: 0.008 Loaded shared library c:\Users\vishnu bollineni\.vscode\extensions\redhat.java-1.41.1-win32-x64\jre\21.0.6-win32-x86_64\bin\java.dll
Event: 0.075 Loaded shared library c:\Users\vishnu bollineni\.vscode\extensions\redhat.java-1.41.1-win32-x64\jre\21.0.6-win32-x86_64\bin\zip.dll
Event: 0.096 Loaded shared library C:\Users\vishnu bollineni\.vscode\extensions\redhat.java-1.41.1-win32-x64\jre\21.0.6-win32-x86_64\bin\instrument.dll
Event: 0.101 Loaded shared library C:\Users\vishnu bollineni\.vscode\extensions\redhat.java-1.41.1-win32-x64\jre\21.0.6-win32-x86_64\bin\net.dll
Event: 0.102 Loaded shared library C:\Users\vishnu bollineni\.vscode\extensions\redhat.java-1.41.1-win32-x64\jre\21.0.6-win32-x86_64\bin\nio.dll
Event: 0.105 Loaded shared library C:\Users\vishnu bollineni\.vscode\extensions\redhat.java-1.41.1-win32-x64\jre\21.0.6-win32-x86_64\bin\zip.dll
Event: 0.121 Loaded shared library C:\Users\vishnu bollineni\.vscode\extensions\redhat.java-1.41.1-win32-x64\jre\21.0.6-win32-x86_64\bin\jimage.dll
Event: 0.184 Loaded shared library c:\Users\vishnu bollineni\.vscode\extensions\redhat.java-1.41.1-win32-x64\jre\21.0.6-win32-x86_64\bin\verify.dll
Event: 1.240 Loaded shared library C:\Users\vishnu bollineni\AppData\Roaming\Code\User\globalStorage\redhat.java\1.41.1\config_win\org.eclipse.equinox.launcher\org.eclipse.equinox.launcher.win32.win32.x86_64_1.2.1300.v20250331-1702\eclipse_11911.dll
Event: 2.757 Loaded shared library C:\Users\vishnu bollineni\AppData\Local\Temp\jna--262375331\jna15872308595582580104.dll

Deoptimization events (20 events):
Event: 21.205 Thread 0x000002b8f4adcfd0 Uncommon trap: trap_request=0xffffff45 fr.pc=0x000002b8d69ad1ac relative=0x000000000000066c
Event: 21.205 Thread 0x000002b8f4adcfd0 Uncommon trap: reason=unstable_if action=reinterpret pc=0x000002b8d69ad1ac method=java.util.concurrent.ConcurrentHashMap.putVal(Ljava/lang/Object;Ljava/lang/Object;Z)Ljava/lang/Object; @ 245 c2
Event: 21.205 Thread 0x000002b8f4adcfd0 DEOPT PACKING pc=0x000002b8d69ad1ac sp=0x000000f729afe430
Event: 21.205 Thread 0x000002b8f4adcfd0 DEOPT UNPACKING pc=0x000002b8d6246da2 sp=0x000000f729afe3b8 mode 2
Event: 23.063 Thread 0x000002b8e6a30370 DEOPT PACKING pc=0x000002b8d02ef0d9 sp=0x000000f72b0feba0
Event: 23.063 Thread 0x000002b8e6a30370 DEOPT UNPACKING pc=0x000002b8d62478e2 sp=0x000000f72b0fe098 mode 0
Event: 23.153 Thread 0x000002b8e6a30370 DEOPT PACKING pc=0x000002b8d0315628 sp=0x000000f72b0fecc0
Event: 23.153 Thread 0x000002b8e6a30370 DEOPT UNPACKING pc=0x000002b8d62478e2 sp=0x000000f72b0fe2d8 mode 0
Event: 23.770 Thread 0x000002b8e6a30370 Uncommon trap: trap_request=0xffffff45 fr.pc=0x000002b8d6fb7ad0 relative=0x00000000000005d0
Event: 23.770 Thread 0x000002b8e6a30370 Uncommon trap: reason=unstable_if action=reinterpret pc=0x000002b8d6fb7ad0 method=org.eclipse.jdt.internal.core.index.DiskIndex.mergeWith(Lorg/eclipse/jdt/internal/core/index/MemoryIndex;)Lorg/eclipse/jdt/internal/core/index/DiskIndex; @ 308 c2
Event: 23.770 Thread 0x000002b8e6a30370 DEOPT PACKING pc=0x000002b8d6fb7ad0 sp=0x000000f72b0fee20
Event: 23.770 Thread 0x000002b8e6a30370 DEOPT UNPACKING pc=0x000002b8d6246da2 sp=0x000000f72b0fede8 mode 2
Event: 24.113 Thread 0x000002b8e6a30370 Uncommon trap: trap_request=0xffffff45 fr.pc=0x000002b8d6f1df44 relative=0x0000000000000124
Event: 24.113 Thread 0x000002b8e6a30370 Uncommon trap: reason=unstable_if action=reinterpret pc=0x000002b8d6f1df44 method=org.eclipse.jdt.internal.core.index.DiskIndex.writeStreamInt(Ljava/io/OutputStream;I)V @ 9 c2
Event: 24.113 Thread 0x000002b8e6a30370 DEOPT PACKING pc=0x000002b8d6f1df44 sp=0x000000f72b0fed40
Event: 24.113 Thread 0x000002b8e6a30370 DEOPT UNPACKING pc=0x000002b8d6246da2 sp=0x000000f72b0fece8 mode 2
Event: 24.595 Thread 0x000002b8e6a30370 Uncommon trap: trap_request=0xffffffc6 fr.pc=0x000002b8d6f0fb24 relative=0x0000000000009de4
Event: 24.595 Thread 0x000002b8e6a30370 Uncommon trap: reason=bimorphic_or_optimized_type_check action=maybe_recompile pc=0x000002b8d6f0fb24 method=org.eclipse.jdt.internal.core.search.indexing.BinaryIndexer.indexDocument()V @ 1031 c2
Event: 24.595 Thread 0x000002b8e6a30370 DEOPT PACKING pc=0x000002b8d6f0fb24 sp=0x000000f72b0feae0
Event: 24.595 Thread 0x000002b8e6a30370 DEOPT UNPACKING pc=0x000002b8d6246da2 sp=0x000000f72b0feac0 mode 2

Classes loaded (20 events):
Event: 10.891 Loading class com/sun/org/apache/xerces/internal/xni/XNIException
Event: 10.891 Loading class com/sun/org/apache/xerces/internal/xni/XNIException done
Event: 10.891 Loading class com/sun/org/apache/xerces/internal/xni/parser/XMLParseException
Event: 10.892 Loading class com/sun/org/apache/xerces/internal/xni/parser/XMLParseException done
Event: 10.991 Loading class jdk/internal/module/IllegalAccessLogger
Event: 10.991 Loading class jdk/internal/module/IllegalAccessLogger done
Event: 11.058 Loading class jdk/internal/module/IllegalAccessLogger
Event: 11.058 Loading class jdk/internal/module/IllegalAccessLogger done
Event: 11.146 Loading class java/util/stream/ReduceOps$5
Event: 11.147 Loading class java/util/stream/ReduceOps$5 done
Event: 11.147 Loading class java/util/stream/ReduceOps$CountingSink$OfRef
Event: 11.148 Loading class java/util/stream/ReduceOps$CountingSink
Event: 11.148 Loading class java/util/stream/ReduceOps$CountingSink done
Event: 11.148 Loading class java/util/stream/ReduceOps$CountingSink$OfRef done
Event: 11.228 Loading class java/util/stream/ReduceOps$1
Event: 11.228 Loading class java/util/stream/ReduceOps$1 done
Event: 11.228 Loading class java/util/stream/ReduceOps$1ReducingSink
Event: 11.228 Loading class java/util/stream/ReduceOps$1ReducingSink done
Event: 11.826 Loading class sun/nio/fs/WindowsFileCopy
Event: 11.826 Loading class sun/nio/fs/WindowsFileCopy done

Classes unloaded (9 events):
Event: 3.402 Thread 0x000002b8cbb70350 Unloading class 0x000002b881196400 'java/lang/invoke/LambdaForm$MH+0x000002b881196400'
Event: 3.402 Thread 0x000002b8cbb70350 Unloading class 0x000002b881196000 'java/lang/invoke/LambdaForm$MH+0x000002b881196000'
Event: 3.402 Thread 0x000002b8cbb70350 Unloading class 0x000002b881195c00 'java/lang/invoke/LambdaForm$MH+0x000002b881195c00'
Event: 3.402 Thread 0x000002b8cbb70350 Unloading class 0x000002b881195800 'java/lang/invoke/LambdaForm$MH+0x000002b881195800'
Event: 3.402 Thread 0x000002b8cbb70350 Unloading class 0x000002b881195400 'java/lang/invoke/LambdaForm$BMH+0x000002b881195400'
Event: 3.402 Thread 0x000002b8cbb70350 Unloading class 0x000002b881195000 'java/lang/invoke/LambdaForm$DMH+0x000002b881195000'
Event: 3.402 Thread 0x000002b8cbb70350 Unloading class 0x000002b881193c00 'java/lang/invoke/LambdaForm$DMH+0x000002b881193c00'
Event: 9.253 Thread 0x000002b8cbb70350 Unloading class 0x000002b881658800 'java/lang/invoke/LambdaForm$DMH+0x000002b881658800'
Event: 9.253 Thread 0x000002b8cbb70350 Unloading class 0x000002b881658400 'java/lang/invoke/LambdaForm$DMH+0x000002b881658400'

Classes redefined (0 events):
No events

Internal exceptions (20 events):
Event: 24.134 Thread 0x000002b8e6a30370 Exception <a 'sun/nio/fs/WindowsException'{0x00000000eabaeaa0}> (0x00000000eabaeaa0) 
thrown [s\src\hotspot\share\prims\jni.cpp, line 520]
Event: 24.141 Thread 0x000002b8e6a30370 Exception <a 'sun/nio/fs/WindowsException'{0x00000000eabc5a20}> (0x00000000eabc5a20) 
thrown [s\src\hotspot\share\prims\jni.cpp, line 520]
Event: 24.303 Thread 0x000002b8e6a30370 Exception <a 'sun/nio/fs/WindowsException'{0x00000000eac0a6e0}> (0x00000000eac0a6e0) 
thrown [s\src\hotspot\share\prims\jni.cpp, line 520]
Event: 24.466 Thread 0x000002b8e6a30370 Exception <a 'sun/nio/fs/WindowsException'{0x00000000eae7a690}> (0x00000000eae7a690) 
thrown [s\src\hotspot\share\prims\jni.cpp, line 520]
Event: 24.470 Thread 0x000002b8e6a30370 Exception <a 'sun/nio/fs/WindowsException'{0x00000000eae91598}> (0x00000000eae91598) 
thrown [s\src\hotspot\share\prims\jni.cpp, line 520]
Event: 24.515 Thread 0x000002b8e6a30370 Exception <a 'sun/nio/fs/WindowsException'{0x00000000eaef4500}> (0x00000000eaef4500) 
thrown [s\src\hotspot\share\prims\jni.cpp, line 520]
Event: 24.571 Thread 0x000002b8e6a30370 Exception <a 'sun/nio/fs/WindowsException'{0x00000000ead669a8}> (0x00000000ead669a8) 
thrown [s\src\hotspot\share\prims\jni.cpp, line 520]
Event: 24.585 Thread 0x000002b8e6a30370 Exception <a 'sun/nio/fs/WindowsException'{0x00000000eae0a5e8}> (0x00000000eae0a5e8) 
thrown [s\src\hotspot\share\prims\jni.cpp, line 520]
Event: 24.629 Thread 0x000002b8e6a30370 Exception <a 'sun/nio/fs/WindowsException'{0x00000000ead94d28}> (0x00000000ead94d28) 
thrown [s\src\hotspot\share\prims\jni.cpp, line 520]
Event: 24.633 Thread 0x000002b8e6a30370 Exception <a 'sun/nio/fs/WindowsException'{0x00000000eadbff28}> (0x00000000eadbff28) 
thrown [s\src\hotspot\share\prims\jni.cpp, line 520]
Event: 24.648 Thread 0x000002b8e6a30370 Exception <a 'sun/nio/fs/WindowsException'{0x00000000eae5f318}> (0x00000000eae5f318) 
thrown [s\src\hotspot\share\prims\jni.cpp, line 520]
Event: 24.694 Thread 0x000002b8e6a30370 Exception <a 'sun/nio/fs/WindowsException'{0x00000000eabe4400}> (0x00000000eabe4400) 
thrown [s\src\hotspot\share\prims\jni.cpp, line 520]
Event: 24.698 Thread 0x000002b8e6a30370 Exception <a 'sun/nio/fs/WindowsException'{0x00000000eabfc328}> (0x00000000eabfc328) 
thrown [s\src\hotspot\share\prims\jni.cpp, line 520]
Event: 24.863 Thread 0x000002b8e6a30370 Exception <a 'sun/nio/fs/WindowsException'{0x00000000ead65a28}> (0x00000000ead65a28) 
thrown [s\src\hotspot\share\prims\jni.cpp, line 520]
Event: 24.884 Thread 0x000002b8e6a30370 Exception <a 'sun/nio/fs/WindowsException'{0x00000000ead1fbb0}> (0x00000000ead1fbb0) 
thrown [s\src\hotspot\share\prims\jni.cpp, line 520]
Event: 24.939 Thread 0x000002b8e6a30370 Exception <a 'sun/nio/fs/WindowsException'{0x00000000eadfad70}> (0x00000000eadfad70) 
thrown [s\src\hotspot\share\prims\jni.cpp, line 520]
Event: 24.958 Thread 0x000002b8e6a30370 Exception <a 'sun/nio/fs/WindowsException'{0x00000000eabbc3c8}> (0x00000000eabbc3c8) 
thrown [s\src\hotspot\share\prims\jni.cpp, line 520]
Event: 24.989 Thread 0x000002b8e6a30370 Exception <a 'sun/nio/fs/WindowsException'{0x00000000eacae538}> (0x00000000eacae538) 
thrown [s\src\hotspot\share\prims\jni.cpp, line 520]
Event: 24.995 Thread 0x000002b8e6a30370 Exception <a 'sun/nio/fs/WindowsException'{0x00000000eacf6f90}> (0x00000000eacf6f90) 
thrown [s\src\hotspot\share\prims\jni.cpp, line 520]
Event: 25.000 Thread 0x000002b8e6a30370 Exception <a 'sun/nio/fs/WindowsException'{0x00000000ead0f698}> (0x00000000ead0f698) 
thrown [s\src\hotspot\share\prims\jni.cpp, line 520]

ZGC Phase Switch (0 events):
No events

VM Operations (20 events):
Event: 25.065 Executing VM operation: ParallelGCFailedAllocation (Allocation Failure)
Event: 25.067 Executing VM operation: ParallelGCFailedAllocation (Allocation Failure) done
Event: 25.075 Executing VM operation: ParallelGCFailedAllocation (Allocation Failure)
Event: 25.076 Executing VM operation: ParallelGCFailedAllocation (Allocation Failure) done
Event: 25.084 Executing VM operation: ParallelGCFailedAllocation (Allocation Failure)
Event: 25.085 Executing VM operation: ParallelGCFailedAllocation (Allocation Failure) done
Event: 25.092 Executing VM operation: ParallelGCFailedAllocation (Allocation Failure)
Event: 25.094 Executing VM operation: ParallelGCFailedAllocation (Allocation Failure) done
Event: 25.102 Executing VM operation: ParallelGCFailedAllocation (Allocation Failure)
Event: 25.104 Executing VM operation: ParallelGCFailedAllocation (Allocation Failure) done
Event: 25.113 Executing VM operation: ParallelGCFailedAllocation (Allocation Failure)
Event: 25.115 Executing VM operation: ParallelGCFailedAllocation (Allocation Failure) done
Event: 25.123 Executing VM operation: ParallelGCFailedAllocation (Allocation Failure)
Event: 25.125 Executing VM operation: ParallelGCFailedAllocation (Allocation Failure) done
Event: 25.134 Executing VM operation: ParallelGCFailedAllocation (Allocation Failure)
Event: 25.135 Executing VM operation: ParallelGCFailedAllocation (Allocation Failure) done
Event: 25.145 Executing VM operation: ParallelGCFailedAllocation (Allocation Failure)
Event: 25.148 Executing VM operation: ParallelGCFailedAllocation (Allocation Failure) done
Event: 25.154 Executing VM operation: ParallelGCFailedAllocation (Allocation Failure)
Event: 25.156 Executing VM operation: ParallelGCFailedAllocation (Allocation Failure) done

Memory protections (0 events):
No events

Nmethod flushes (20 events):
Event: 18.832 Thread 0x000002b8cbb70350 flushing  nmethod 0x000002b8cfe15b90
Event: 18.832 Thread 0x000002b8cbb70350 flushing  nmethod 0x000002b8cfe17e90
Event: 18.832 Thread 0x000002b8cbb70350 flushing  nmethod 0x000002b8cfe1c510
Event: 18.832 Thread 0x000002b8cbb70350 flushing  nmethod 0x000002b8cfe1e510
Event: 18.832 Thread 0x000002b8cbb70350 flushing  nmethod 0x000002b8cfe21290
Event: 18.832 Thread 0x000002b8cbb70350 flushing  nmethod 0x000002b8cfe22110
Event: 18.832 Thread 0x000002b8cbb70350 flushing  nmethod 0x000002b8cfe26c10
Event: 18.832 Thread 0x000002b8cbb70350 flushing  nmethod 0x000002b8cfe28e90
Event: 18.832 Thread 0x000002b8cbb70350 flushing  nmethod 0x000002b8cfe2a110
Event: 18.832 Thread 0x000002b8cbb70350 flushing  nmethod 0x000002b8cfe46010
Event: 18.832 Thread 0x000002b8cbb70350 flushing  nmethod 0x000002b8cfe57810
Event: 18.832 Thread 0x000002b8cbb70350 flushing  nmethod 0x000002b8cfe6c390
Event: 18.832 Thread 0x000002b8cbb70350 flushing  nmethod 0x000002b8cfe70590
Event: 18.832 Thread 0x000002b8cbb70350 flushing  nmethod 0x000002b8cfecd410
Event: 18.832 Thread 0x000002b8cbb70350 flushing  nmethod 0x000002b8cff14b90
Event: 18.832 Thread 0x000002b8cbb70350 flushing  nmethod 0x000002b8cff46d90
Event: 18.832 Thread 0x000002b8cbb70350 flushing  nmethod 0x000002b8cff5d110
Event: 18.832 Thread 0x000002b8cbb70350 flushing  nmethod 0x000002b8cff80a10
Event: 18.832 Thread 0x000002b8cbb70350 flushing  nmethod 0x000002b8cffb3490
Event: 18.832 Thread 0x000002b8cbb70350 flushing  nmethod 0x000002b8cffc3e10

Events (20 events):
Event: 8.941 Thread 0x000002b8e7cbeba0 Thread exited: 0x000002b8e7cbeba0
Event: 8.942 Thread 0x000002b8e7cc26b0 Thread exited: 0x000002b8e7cc26b0
Event: 8.943 Thread 0x000002b8e7cc1300 Thread exited: 0x000002b8e7cc1300
Event: 9.615 Thread 0x000002b8e9a0f190 Thread added: 0x000002b8e7cc40f0
Event: 9.626 Thread 0x000002b8e9a0f190 Thread added: 0x000002b8e7cc26b0
Event: 9.705 Thread 0x000002b8e9a0f820 Thread added: 0x000002b8e7cc05e0
Event: 9.723 Thread 0x000002b8e9a0f190 Thread added: 0x000002b8e7cc5b30
Event: 10.019 Thread 0x000002b8e7cc5b30 Thread added: 0x000002b8e7cc33d0
Event: 10.910 Thread 0x000002b8e6a2efc0 Thread added: 0x000002b8e7cbeba0
Event: 10.961 Thread 0x000002b8e6a2fce0 Thread added: 0x000002b8e7cc3a60
Event: 11.014 Thread 0x000002b8e6a2fce0 Thread added: 0x000002b8f4add660
Event: 11.027 Thread 0x000002b8e6a2fce0 Thread added: 0x000002b8f4adc2b0
Event: 11.061 Thread 0x000002b8e6a2fce0 Thread added: 0x000002b8f4addcf0
Event: 13.153 Thread 0x000002b8e60ab5b0 Thread exited: 0x000002b8e60ab5b0
Event: 13.407 Thread 0x000002b8e1a9ac70 Thread exited: 0x000002b8e1a9ac70
Event: 14.707 Thread 0x000002b8e7cc05e0 Thread exited: 0x000002b8e7cc05e0
Event: 18.956 Thread 0x000002b8e7cbeba0 Thread added: 0x000002b8f4adcfd0
Event: 18.956 Thread 0x000002b8f4adcfd0 Thread added: 0x000002b8f4adf0a0
Event: 21.096 Thread 0x000002b8dfe98730 Thread added: 0x000002b8f5097560
Event: 21.311 Thread 0x000002b8f5097560 Thread exited: 0x000002b8f5097560


Dynamic libraries:
0x00007ff6425e0000 - 0x00007ff6425ee000 	c:\Users\vishnu bollineni\.vscode\extensions\redhat.java-1.41.1-win32-x64\jre\21.0.6-win32-x86_64\bin\java.exe
0x00007fffcf090000 - 0x00007fffcf2a7000 	C:\WINDOWS\SYSTEM32\ntdll.dll
0x00007fffcd9c0000 - 0x00007fffcda84000 	C:\WINDOWS\System32\KERNEL32.DLL
0x00007fffcc520000 - 0x00007fffcc8f0000 	C:\WINDOWS\System32\KERNELBASE.dll
0x00007fffccbe0000 - 0x00007fffcccf1000 	C:\WINDOWS\System32\ucrtbase.dll
0x00007fffc46d0000 - 0x00007fffc46ee000 	c:\Users\vishnu bollineni\.vscode\extensions\redhat.java-1.41.1-win32-x64\jre\21.0.6-win32-x86_64\bin\VCRUNTIME140.dll
0x00007fffa72d0000 - 0x00007fffa72e8000 	c:\Users\vishnu bollineni\.vscode\extensions\redhat.java-1.41.1-win32-x64\jre\21.0.6-win32-x86_64\bin\jli.dll
0x00007fffced80000 - 0x00007fffcef2e000 	C:\WINDOWS\System32\USER32.dll
0x00007fffb5880000 - 0x00007fffb5b12000 	C:\WINDOWS\WinSxS\amd64_microsoft.windows.common-controls_6595b64144ccf1df_6.0.22621.4830_none_270fe7d773858e80\COMCTL32.dll
0x00007fffcc8f0000 - 0x00007fffcc916000 	C:\WINDOWS\System32\win32u.dll
0x00007fffce3d0000 - 0x00007fffce477000 	C:\WINDOWS\System32\msvcrt.dll
0x00007fffccf90000 - 0x00007fffccfb9000 	C:\WINDOWS\System32\GDI32.dll
0x00007fffccac0000 - 0x00007fffccbdb000 	C:\WINDOWS\System32\gdi32full.dll
0x00007fffcc3c0000 - 0x00007fffcc45a000 	C:\WINDOWS\System32\msvcp_win.dll
0x00007fffcef30000 - 0x00007fffcef61000 	C:\WINDOWS\System32\IMM32.DLL
0x00007fffc47f0000 - 0x00007fffc47fc000 	c:\Users\vishnu bollineni\.vscode\extensions\redhat.java-1.41.1-win32-x64\jre\21.0.6-win32-x86_64\bin\vcruntime140_1.dll
0x00007fff296d0000 - 0x00007fff2975d000 	c:\Users\vishnu bollineni\.vscode\extensions\redhat.java-1.41.1-win32-x64\jre\21.0.6-win32-x86_64\bin\msvcp140.dll
0x00007ffef2410000 - 0x00007ffef31a0000 	c:\Users\vishnu bollineni\.vscode\extensions\redhat.java-1.41.1-win32-x64\jre\21.0.6-win32-x86_64\bin\server\jvm.dll
0x00007fffce310000 - 0x00007fffce3c1000 	C:\WINDOWS\System32\ADVAPI32.dll
0x00007fffcefa0000 - 0x00007fffcf047000 	C:\WINDOWS\System32\sechost.dll
0x00007fffcc920000 - 0x00007fffcc948000 	C:\WINDOWS\System32\bcrypt.dll
0x00007fffcce10000 - 0x00007fffccf24000 	C:\WINDOWS\System32\RPCRT4.dll
0x00007fffcd530000 - 0x00007fffcd5a1000 	C:\WINDOWS\System32\WS2_32.dll
0x00007fffcc160000 - 0x00007fffcc1ad000 	C:\WINDOWS\SYSTEM32\POWRPROF.dll
0x00007fffc8f10000 - 0x00007fffc8f44000 	C:\WINDOWS\SYSTEM32\WINMM.dll
0x00007fffc3fe0000 - 0x00007fffc3fea000 	C:\WINDOWS\SYSTEM32\VERSION.dll
0x00007fffcc140000 - 0x00007fffcc153000 	C:\WINDOWS\SYSTEM32\UMPDC.dll
0x00007fffcb380000 - 0x00007fffcb398000 	C:\WINDOWS\SYSTEM32\kernel.appcore.dll
0x00007fffb8040000 - 0x00007fffb804a000 	c:\Users\vishnu bollineni\.vscode\extensions\redhat.java-1.41.1-win32-x64\jre\21.0.6-win32-x86_64\bin\jimage.dll
0x00007fffc9a50000 - 0x00007fffc9c82000 	C:\WINDOWS\SYSTEM32\DBGHELP.DLL
0x00007fffcd090000 - 0x00007fffcd420000 	C:\WINDOWS\System32\combase.dll
0x00007fffce7a0000 - 0x00007fffce877000 	C:\WINDOWS\System32\OLEAUT32.dll
0x00007fffc8ed0000 - 0x00007fffc8f02000 	C:\WINDOWS\SYSTEM32\dbgcore.DLL
0x00007fffccd00000 - 0x00007fffccd7b000 	C:\WINDOWS\System32\bcryptPrimitives.dll
0x00007fffb7d70000 - 0x00007fffb7d7f000 	c:\Users\vishnu bollineni\.vscode\extensions\redhat.java-1.41.1-win32-x64\jre\21.0.6-win32-x86_64\bin\instrument.dll
0x00007fffa4e20000 - 0x00007fffa4e3f000 	c:\Users\vishnu bollineni\.vscode\extensions\redhat.java-1.41.1-win32-x64\jre\21.0.6-win32-x86_64\bin\java.dll
0x00007fffcda90000 - 0x00007fffce308000 	C:\WINDOWS\System32\SHELL32.dll
0x00007fffca290000 - 0x00007fffcaba0000 	C:\WINDOWS\SYSTEM32\windows.storage.dll
0x00007fffca150000 - 0x00007fffca28f000 	C:\WINDOWS\SYSTEM32\wintypes.dll
0x00007fffcd420000 - 0x00007fffcd52a000 	C:\WINDOWS\System32\SHCORE.dll
0x00007fffce880000 - 0x00007fffce8de000 	C:\WINDOWS\System32\shlwapi.dll
0x00007fffcc270000 - 0x00007fffcc29b000 	C:\WINDOWS\SYSTEM32\profapi.dll
0x00007fffa40f0000 - 0x00007fffa4108000 	c:\Users\vishnu bollineni\.vscode\extensions\redhat.java-1.41.1-win32-x64\jre\21.0.6-win32-x86_64\bin\zip.dll
0x00007fffb7cf0000 - 0x00007fffb7d00000 	C:\Users\vishnu bollineni\.vscode\extensions\redhat.java-1.41.1-win32-x64\jre\21.0.6-win32-x86_64\bin\net.dll
0x00007fffc7c10000 - 0x00007fffc7d3c000 	C:\WINDOWS\SYSTEM32\WINHTTP.dll
0x00007fffcb800000 - 0x00007fffcb86a000 	C:\WINDOWS\system32\mswsock.dll
0x00007fffa03b0000 - 0x00007fffa03c6000 	C:\Users\vishnu bollineni\.vscode\extensions\redhat.java-1.41.1-win32-x64\jre\21.0.6-win32-x86_64\bin\nio.dll
0x00007fffb7300000 - 0x00007fffb7310000 	c:\Users\vishnu bollineni\.vscode\extensions\redhat.java-1.41.1-win32-x64\jre\21.0.6-win32-x86_64\bin\verify.dll
0x00007fff7bd40000 - 0x00007fff7bd85000 	C:\Users\vishnu bollineni\AppData\Roaming\Code\User\globalStorage\redhat.java\1.41.1\config_win\org.eclipse.equinox.launcher\org.eclipse.equinox.launcher.win32.win32.x86_64_1.2.1300.v20250331-1702\eclipse_11911.dll
0x00007fffce5f0000 - 0x00007fffce791000 	C:\WINDOWS\System32\ole32.dll
0x00007fffcba50000 - 0x00007fffcba6b000 	C:\WINDOWS\SYSTEM32\CRYPTSP.dll
0x00007fffcb2e0000 - 0x00007fffcb315000 	C:\WINDOWS\system32\rsaenh.dll
0x00007fffcb8f0000 - 0x00007fffcb918000 	C:\WINDOWS\SYSTEM32\USERENV.dll
0x00007fffcba70000 - 0x00007fffcba7c000 	C:\WINDOWS\SYSTEM32\CRYPTBASE.dll
0x00007fffcae00000 - 0x00007fffcae2d000 	C:\WINDOWS\SYSTEM32\IPHLPAPI.DLL
0x00007fffcef70000 - 0x00007fffcef79000 	C:\WINDOWS\System32\NSI.dll
0x00007fff73780000 - 0x00007fff737c9000 	C:\Users\vishnu bollineni\AppData\Local\Temp\jna--262375331\jna15872308595582580104.dll
0x00007fffcd9b0000 - 0x00007fffcd9b8000 	C:\WINDOWS\System32\PSAPI.DLL
0x00007fffc6eb0000 - 0x00007fffc6ec9000 	C:\WINDOWS\SYSTEM32\dhcpcsvc6.DLL
0x00007fffc6dd0000 - 0x00007fffc6def000 	C:\WINDOWS\SYSTEM32\dhcpcsvc.DLL

dbghelp: loaded successfully - version: 4.0.5 - missing functions: none
symbol engine: initialized successfully - sym options: 0x614 - pdb path: .;c:\Users\vishnu bollineni\.vscode\extensions\redhat.java-1.41.1-win32-x64\jre\21.0.6-win32-x86_64\bin;C:\WINDOWS\SYSTEM32;C:\WINDOWS\WinSxS\amd64_microsoft.windows.common-controls_6595b64144ccf1df_6.0.22621.4830_none_270fe7d773858e80;c:\Users\vishnu bollineni\.vscode\extensions\redhat.java-1.41.1-win32-x64\jre\21.0.6-win32-x86_64\bin\server;C:\Users\vishnu bollineni\AppData\Roaming\Code\User\globalStorage\redhat.java\1.41.1\config_win\org.eclipse.equinox.launcher\org.eclipse.equinox.launcher.win32.win32.x86_64_1.2.1300.v20250331-1702;C:\Users\vishnu bollineni\AppData\Local\Temp\jna--262375331

VM Arguments:
jvm_args: --add-modules=ALL-SYSTEM --add-opens=java.base/java.util=ALL-UNNAMED --add-opens=java.base/java.lang=ALL-UNNAMED --add-opens=java.base/sun.nio.fs=ALL-UNNAMED -Declipse.application=org.eclipse.jdt.ls.core.id1 -Dosgi.bundles.defaultStartLevel=4 -Declipse.product=org.eclipse.jdt.ls.core.product -Djava.import.generatesMetadataFilesAtProjectRoot=false -DDetectVMInstallationsJob.disabled=true -Dfile.encoding=utf8 -XX:+UseParallelGC -XX:GCTimeRatio=4 -XX:AdaptiveSizePolicyWeight=90 -Dsun.zip.disableMemoryMapping=true -Xmx1G -Xms100m -Xlog:disable -javaagent:c:\Users\vishnu bollineni\.vscode\extensions\redhat.java-1.41.1-win32-x64\lombok\lombok-1.18.36.jar -XX:+HeapDumpOnOutOfMemoryError -XX:HeapDumpPath=c:\Users\vishnu bollineni\AppData\Roaming\Code\User\workspaceStorage\cb906e1a5ae37e06afd0ffc7558dcd7e\redhat.java -Daether.dependencyCollector.impl=bf 
java_command: c:\Users\vishnu bollineni\.vscode\extensions\redhat.java-1.41.1-win32-x64\server\plugins\org.eclipse.equinox.launcher_1.7.0.v20250331-1702.jar -configuration c:\Users\vishnu bollineni\AppData\Roaming\Code\User\globalStorage\redhat.java\1.41.1\config_win -data c:\Users\vishnu bollineni\AppData\Roaming\Code\User\workspaceStorage\cb906e1a5ae37e06afd0ffc7558dcd7e\redhat.java\jdt_ws --pipe=\\.\pipe\lsp-2b4c45df81d2528787f4508d2bdeafb5-sock
java_class_path (initial): c:\Users\vishnu bollineni\.vscode\extensions\redhat.java-1.41.1-win32-x64\server\plugins\org.eclipse.equinox.launcher_1.7.0.v20250331-1702.jar
Launcher Type: SUN_STANDARD

[Global flags]
    uintx AdaptiveSizePolicyWeight                 = 90                                        {product} {command line}
     intx CICompilerCount                          = 4                                         {product} {ergonomic}
    uintx GCTimeRatio                              = 4                                         {product} {command line}
     bool HeapDumpOnOutOfMemoryError               = true                                   {manageable} {command line}
    ccstr HeapDumpPath                             = c:\Users\vishnu bollineni\AppData\Roaming\Code\User\workspaceStorage\cb906e1a5ae37e06afd0ffc7558dcd7e\redhat.java         {manageable} {command line}
   size_t InitialHeapSize                          = 104857600                                 {product} {command line}
   size_t MaxHeapSize                              = 1073741824                                {product} {command line}
   size_t MaxNewSize                               = 357564416                                 {product} {ergonomic}
   size_t MinHeapDeltaBytes                        = 524288                                    {product} {ergonomic}
   size_t MinHeapSize                              = 104857600                                 {product} {command line}
   size_t NewSize                                  = 34603008                                  {product} {ergonomic}
    uintx NonNMethodCodeHeapSize                   = 5839372                                {pd product} {ergonomic}
    uintx NonProfiledCodeHeapSize                  = 122909434                              {pd product} {ergonomic}
   size_t OldSize                                  = 70254592                                  {product} {ergonomic}
    uintx ProfiledCodeHeapSize                     = 122909434                              {pd product} {ergonomic}
    uintx ReservedCodeCacheSize                    = 251658240                              {pd product} {ergonomic}
     bool SegmentedCodeCache                       = true                                      {product} {ergonomic}
   size_t SoftMaxHeapSize                          = 1073741824                             {manageable} {ergonomic}
     bool UseCompressedOops                        = true                           {product lp64_product} {ergonomic}
     bool UseLargePagesIndividualAllocation        = false                                  {pd product} {ergonomic}
     bool UseParallelGC                            = true                                      {product} {command line}

Logging:
Log output configuration:
 #0: stdout all=off uptime,level,tags foldmultilines=false
 #1: stderr all=off uptime,level,tags foldmultilines=false

Environment Variables:
PATH=C:\Program Files\Common Files\Oracle\Java\javapath;C:\oracle\product\10.2.0\db_1\bin;C:\WINDOWS\system32;C:\WINDOWS;C:\WINDOWS\System32\Wbem;C:\WINDOWS\System32\WindowsPowerShell\v1.0\;C:\WINDOWS\System32\OpenSSH\;C:\Program Files\dotnet\;C:\msys64\mingw64\bin;C:\Program Files\Git\cmd;C:\Program Files\nodejs\;C:\Program Files\MATLAB\R2023b\bin;C:\Program Files\Cloudflare\Cloudflare WARP\;C:\Program Files\GTK3-Runtime Win64\bin;C:\Users\vishnu bollineni\AppData\Local\Programs\Python\Python311\Scripts\;C:\Users\vishnu bollineni\AppData\Local\Programs\Python\Python311\;C:\Users\vishnu bollineni\AppData\Local\Microsoft\WindowsApps;C:\Users\vishnu bollineni\AppData\Local\Programs\Microsoft VS Code\bin;C:\Users\vishnu bollineni\AppData\Roaming\npm;C:\Users\vishnu bollineni\Downloads\flutter_windows_3.24.5-stable\flutter\bin;C:\Program Files\Java\jdk-23\bin;
USERNAME=vishnu bollineni
OS=Windows_NT
PROCESSOR_IDENTIFIER=Intel64 Family 6 Model 140 Stepping 1, GenuineIntel
TMP=C:\Users\VISHNU~1\AppData\Local\Temp
TEMP=C:\Users\VISHNU~1\AppData\Local\Temp




Periodic native trim disabled

---------------  S Y S T E M  ---------------

OS:
 Windows 11 , 64 bit Build 22621 (10.0.22621.4830)
OS uptime: 2 days 18:59 hours

CPU: total 8 (initial active 8) (4 cores per cpu, 2 threads per core) family 6 model 140 stepping 1 microcode 0x78, cx8, cmov, fxsr, ht, mmx, 3dnowpref, sse, sse2, sse3, ssse3, sse4.1, sse4.2, popcnt, lzcnt, tsc, tscinvbit, avx, avx2, aes, erms, clmul, bmi1, bmi2, adx, avx512f, avx512dq, avx512cd, avx512bw, avx512vl, sha, fma, vzeroupper, avx512_vpopcntdq, avx512_vpclmulqdq, avx512_vaes, avx512_vnni, clflush, clflushopt, clwb, avx512_vbmi2, avx512_vbmi, rdtscp, rdpid, fsrm, gfni, avx512_bitalg, f16c, pku, cet_ibt, cet_ss, avx512_ifma
Processor Information for processor 0
  Max Mhz: 2419, Current Mhz: 2419, Mhz Limit: 2419
Processor Information for processor 1
  Max Mhz: 2419, Current Mhz: 2419, Mhz Limit: 2419
Processor Information for processor 2
  Max Mhz: 2419, Current Mhz: 1209, Mhz Limit: 2419
Processor Information for processor 3
  Max Mhz: 2419, Current Mhz: 2419, Mhz Limit: 2419
Processor Information for processor 4
  Max Mhz: 2419, Current Mhz: 1209, Mhz Limit: 2419
Processor Information for processor 5
  Max Mhz: 2419, Current Mhz: 2419, Mhz Limit: 2419
Processor Information for processor 6
  Max Mhz: 2419, Current Mhz: 2419, Mhz Limit: 2419
Processor Information for processor 7
  Max Mhz: 2419, Current Mhz: 2419, Mhz Limit: 2419

Memory: 4k page, system-wide physical 7991M (385M free)
TotalPageFile size 16869M (AvailPageFile size 5M)
current process WorkingSet (physical memory assigned to process): 811M, peak: 901M
current process commit charge ("private bytes"): 863M, peak: 947M

vm_info: OpenJDK 64-Bit Server VM (21.0.6+7-LTS) for windows-amd64 JRE (21.0.6+7-LTS), built on 2025-01-21T00:00:00Z by "admin" with MS VC++ 17.7 (VS2022)

END.
